<?xml version="1.0" encoding="UTF-8"?>
<!-- Generated by org.testng.reporters.JUnitReportReporter -->
<testsuite hostname="DESKTOP-FNUS8CJ" failures="0" tests="1" name="intellliantframework.One_Chat.One_chat_script" time="129.939" errors="0" timestamp="2023-07-11T14:31:48 IST" skipped="0">
  <testcase classname="intellliantframework.One_Chat.One_chat_script" name="one_chat" time="129.939"/>
  <system-out/>
</testsuite> <!-- intellliantframework.One_Chat.One_chat_script -->
