<?xml version="1.0" encoding="UTF-8"?>
<!-- Generated by org.testng.reporters.JUnitReportReporter -->
<testsuite hostname="DESKTOP-FNUS8CJ" failures="0" tests="1" name="intellliantframework.Typing.Typing_Script_one" time="9.333" errors="0" timestamp="2023-07-11T14:50:28 IST" skipped="0">
  <testcase classname="intellliantframework.Typing.Typing_Script_one" name="Typing_test_one" time="9.333"/>
  <system-out/>
</testsuite> <!-- intellliantframework.Typing.Typing_Script_one -->
