<?xml version="1.0" encoding="UTF-8"?>
<!-- Generated by org.testng.reporters.JUnitReportReporter -->
<testsuite hostname="DESKTOP-FNUS8CJ" failures="0" tests="1" name="intelliantframework.Voice_Service.Voice_Service_Script_one" time="108.138" errors="0" timestamp="2023-07-20T12:00:45 IST" skipped="0">
  <testcase classname="intelliantframework.Voice_Service.Voice_Service_Script_one" name="Voice_one" time="108.138"/>
  <system-out/>
</testsuite> <!-- intelliantframework.Voice_Service.Voice_Service_Script_one -->
