<?xml version="1.0" encoding="UTF-8"?>
<!-- Generated by org.testng.reporters.JUnitReportReporter -->
<testsuite hostname="DESKTOP-FNUS8CJ" failures="0" tests="1" name="intellliantframework.Voice_Service.Voice_Service_Script_one" time="153.658" errors="0" timestamp="2023-07-11T14:57:17 IST" skipped="0">
  <testcase classname="intellliantframework.Voice_Service.Voice_Service_Script_one" name="Voice_one" time="153.658"/>
  <system-out/>
</testsuite> <!-- intellliantframework.Voice_Service.Voice_Service_Script_one -->
