<?xml version="1.0" encoding="UTF-8"?>
<!-- Generated by org.testng.reporters.JUnitReportReporter -->
<testsuite hostname="DESKTOP-FNUS8CJ" failures="0" tests="1" name="intellliantframework.One_Chat.One_chat_script_one" time="115.555" errors="0" timestamp="2023-07-11T17:17:38 IST" skipped="0">
  <testcase classname="intellliantframework.One_Chat.One_chat_script_one" name="one_chat" time="115.555"/>
  <system-out/>
</testsuite> <!-- intellliantframework.One_Chat.One_chat_script_one -->
