<?xml version="1.0" encoding="UTF-8"?>
<!-- Generated by org.testng.reporters.JUnitReportReporter -->
<testsuite hostname="DESKTOP-FNUS8CJ" failures="0" tests="1" name="intelliantframework.Two_Chat.Two_Chat_script_one" time="226.819" errors="0" timestamp="2023-07-20T12:00:45 IST" skipped="0">
  <testcase classname="intelliantframework.Two_Chat.Two_Chat_script_one" name="Two_chat" time="226.819"/>
  <system-out/>
</testsuite> <!-- intelliantframework.Two_Chat.Two_Chat_script_one -->
