<?xml version="1.0" encoding="UTF-8"?>
<!-- Generated by org.testng.reporters.JUnitReportReporter -->
<testsuite hostname="DESKTOP-FNUS8CJ" failures="0" tests="1" name="intelliantframework.Typing.Typing_Script_one" time="8.322" errors="0" timestamp="2023-07-20T12:00:45 IST" skipped="0">
  <testcase classname="intelliantframework.Typing.Typing_Script_one" name="Typing_test_one" time="8.322"/>
  <system-out/>
</testsuite> <!-- intelliantframework.Typing.Typing_Script_one -->
